<?xml version="1.0" encoding="UTF-8"?>
<!-- Generated by org.testng.reporters.JUnitReportReporter -->
<testsuite skipped="0" hostname="DESKTOP-E81QD0I" name="FirstProject.FirstClass" tests="1" failures="0" timestamp="2023-04-17T22:11:09 IST" time="56.852" errors="0">
  <testcase name="firstClass" time="56.852" classname="FirstProject.FirstClass"/>
  <system-out/>
</testsuite> <!-- FirstProject.FirstClass -->
